# JRE version: Java(TM) SE Runtime Environment (8.0_211-b12) (build 1.8.0_211-b12)
# Java VM: Java HotSpot(TM) 64-Bit Server VM (25.211-b12 mixed mode windows-amd64 compressed oops)
Heap:
 PSYoungGen      total 263680K, used 218412K [0x00000000d5980000, 0x00000000ec380000, 0x0000000100000000)
  eden space 247808K, 83% used [0x00000000d5980000,0x00000000e22e8b58,0x00000000e4b80000)
  from space 15872K, 76% used [0x00000000e4b80000,0x00000000e5762670,0x00000000e5b00000)
  to   space 16384K, 0% used [0x00000000eb380000,0x00000000eb380000,0x00000000ec380000)
 ParOldGen       total 90624K, used 24063K [0x0000000080c00000, 0x0000000086480000, 0x00000000d5980000)
  object space 90624K, 26% used [0x0000000080c00000,0x000000008237fcb8,0x0000000086480000)
 Metaspace       used 46263K, capacity 46908K, committed 47144K, reserved 1089536K
  class space    used 6008K, capacity 6164K, committed 6184K, reserved 1048576K
GC Heap History (10 events):
Event: 3.989 GC heap before
{Heap before GC invocations=9 (full 1):
 PSYoungGen      total 137216K, used 132356K [0x00000000d5980000, 0x00000000e1e80000, 0x0000000100000000)
  eden space 128000K, 100% used [0x00000000d5980000,0x00000000dd680000,0x00000000dd680000)
  from space 9216K, 47% used [0x00000000dd680000,0x00000000ddac1320,0x00000000ddf80000)
  to   space 9216K, 0% used [0x00000000e1580000,0x00000000e1580000,0x00000000e1e80000)
 ParOldGen       total 55296K, used 8704K [0x0000000080c00000, 0x0000000084200000, 0x00000000d5980000)
  object space 55296K, 15% used [0x0000000080c00000,0x0000000081480238,0x0000000084200000)
 Metaspace       used 27869K, capacity 28292K, committed 28416K, reserved 1075200K
  class space    used 3472K, capacity 3582K, committed 3584K, reserved 1048576K
Event: 3.997 GC heap after
Heap after GC invocations=9 (full 1):
 PSYoungGen      total 191488K, used 9213K [0x00000000d5980000, 0x00000000e3600000, 0x0000000100000000)
  eden space 182272K, 0% used [0x00000000d5980000,0x00000000d5980000,0x00000000e0b80000)
  from space 9216K, 99% used [0x00000000e1580000,0x00000000e1e7f768,0x00000000e1e80000)
  to   space 10240K, 0% used [0x00000000e0b80000,0x00000000e0b80000,0x00000000e1580000)
 ParOldGen       total 55296K, used 9354K [0x0000000080c00000, 0x0000000084200000, 0x00000000d5980000)
  object space 55296K, 16% used [0x0000000080c00000,0x0000000081522b48,0x0000000084200000)
 Metaspace       used 27869K, capacity 28292K, committed 28416K, reserved 1075200K
  class space    used 3472K, capacity 3582K, committed 3584K, reserved 1048576K
}
Event: 5.854 GC heap before
{Heap before GC invocations=10 (full 1):
 PSYoungGen      total 191488K, used 191485K [0x00000000d5980000, 0x00000000e3600000, 0x0000000100000000)
  eden space 182272K, 100% used [0x00000000d5980000,0x00000000e0b80000,0x00000000e0b80000)
  from space 9216K, 99% used [0x00000000e1580000,0x00000000e1e7f768,0x00000000e1e80000)
  to   space 10240K, 0% used [0x00000000e0b80000,0x00000000e0b80000,0x00000000e1580000)
 ParOldGen       total 55296K, used 9354K [0x0000000080c00000, 0x0000000084200000, 0x00000000d5980000)
  object space 55296K, 16% used [0x0000000080c00000,0x0000000081522b48,0x0000000084200000)
 Metaspace       used 33454K, capacity 33826K, committed 34304K, reserved 1079296K
  class space    used 4175K, capacity 4266K, committed 4352K, reserved 1048576K
Event: 5.876 GC heap after
Heap after GC invocations=10 (full 1):
 PSYoungGen      total 192512K, used 10233K [0x00000000d5980000, 0x00000000e6b80000, 0x0000000100000000)
  eden space 182272K, 0% used [0x00000000d5980000,0x00000000d5980000,0x00000000e0b80000)
  from space 10240K, 99% used [0x00000000e0b80000,0x00000000e157e600,0x00000000e1580000)
  to   space 16896K, 0% used [0x00000000e5b00000,0x00000000e5b00000,0x00000000e6b80000)
 ParOldGen       total 55296K, used 21875K [0x0000000080c00000, 0x0000000084200000, 0x00000000d5980000)
  object space 55296K, 39% used [0x0000000080c00000,0x000000008215cca0,0x0000000084200000)
 Metaspace       used 33454K, capacity 33826K, committed 34304K, reserved 1079296K
  class space    used 4175K, capacity 4266K, committed 4352K, reserved 1048576K
}
Event: 6.035 GC heap before
{Heap before GC invocations=11 (full 1):
 PSYoungGen      total 192512K, used 32006K [0x00000000d5980000, 0x00000000e6b80000, 0x0000000100000000)
  eden space 182272K, 11% used [0x00000000d5980000,0x00000000d6ec3530,0x00000000e0b80000)
  from space 10240K, 99% used [0x00000000e0b80000,0x00000000e157e600,0x00000000e1580000)
  to   space 16896K, 0% used [0x00000000e5b00000,0x00000000e5b00000,0x00000000e6b80000)
 ParOldGen       total 55296K, used 21875K [0x0000000080c00000, 0x0000000084200000, 0x00000000d5980000)
  object space 55296K, 39% used [0x0000000080c00000,0x000000008215cca0,0x0000000084200000)
 Metaspace       used 34942K, capacity 35266K, committed 35496K, reserved 1081344K
  class space    used 4404K, capacity 4490K, committed 4520K, reserved 1048576K
Event: 6.045 GC heap after
Heap after GC invocations=11 (full 1):
 PSYoungGen      total 264704K, used 8126K [0x00000000d5980000, 0x00000000e7700000, 0x0000000100000000)
  eden space 247808K, 0% used [0x00000000d5980000,0x00000000d5980000,0x00000000e4b80000)
  from space 16896K, 48% used [0x00000000e5b00000,0x00000000e62efaa8,0x00000000e6b80000)
  to   space 15872K, 0% used [0x00000000e4b80000,0x00000000e4b80000,0x00000000e5b00000)
 ParOldGen       total 55296K, used 25781K [0x0000000080c00000, 0x0000000084200000, 0x00000000d5980000)
  object space 55296K, 46% used [0x0000000080c00000,0x000000008252d6c8,0x0000000084200000)
 Metaspace       used 34942K, capacity 35266K, committed 35496K, reserved 1081344K
  class space    used 4404K, capacity 4490K, committed 4520K, reserved 1048576K
}
Event: 6.045 GC heap before
{Heap before GC invocations=12 (full 2):
 PSYoungGen      total 264704K, used 8126K [0x00000000d5980000, 0x00000000e7700000, 0x0000000100000000)
  eden space 247808K, 0% used [0x00000000d5980000,0x00000000d5980000,0x00000000e4b80000)
  from space 16896K, 48% used [0x00000000e5b00000,0x00000000e62efaa8,0x00000000e6b80000)
  to   space 15872K, 0% used [0x00000000e4b80000,0x00000000e4b80000,0x00000000e5b00000)
 ParOldGen       total 55296K, used 25781K [0x0000000080c00000, 0x0000000084200000, 0x00000000d5980000)
  object space 55296K, 46% used [0x0000000080c00000,0x000000008252d6c8,0x0000000084200000)
 Metaspace       used 34942K, capacity 35266K, committed 35496K, reserved 1081344K
  class space    used 4404K, capacity 4490K, committed 4520K, reserved 1048576K
Event: 6.117 GC heap after
Heap after GC invocations=12 (full 2):
 PSYoungGen      total 264704K, used 0K [0x00000000d5980000, 0x00000000e7700000, 0x0000000100000000)
  eden space 247808K, 0% used [0x00000000d5980000,0x00000000d5980000,0x00000000e4b80000)
  from space 16896K, 0% used [0x00000000e5b00000,0x00000000e5b00000,0x00000000e6b80000)
  to   space 15872K, 0% used [0x00000000e4b80000,0x00000000e4b80000,0x00000000e5b00000)
 ParOldGen       total 90624K, used 24055K [0x0000000080c00000, 0x0000000086480000, 0x00000000d5980000)
  object space 90624K, 26% used [0x0000000080c00000,0x000000008237dcb8,0x0000000086480000)
 Metaspace       used 34942K, capacity 35266K, committed 35496K, reserved 1081344K
  class space    used 4404K, capacity 4490K, committed 4520K, reserved 1048576K
}
Event: 7.777 GC heap before
{Heap before GC invocations=13 (full 2):
 PSYoungGen      total 264704K, used 247808K [0x00000000d5980000, 0x00000000e7700000, 0x0000000100000000)
  eden space 247808K, 100% used [0x00000000d5980000,0x00000000e4b80000,0x00000000e4b80000)
  from space 16896K, 0% used [0x00000000e5b00000,0x00000000e5b00000,0x00000000e6b80000)
  to   space 15872K, 0% used [0x00000000e4b80000,0x00000000e4b80000,0x00000000e5b00000)
 ParOldGen       total 90624K, used 24055K [0x0000000080c00000, 0x0000000086480000, 0x00000000d5980000)
  object space 90624K, 26% used [0x0000000080c00000,0x000000008237dcb8,0x0000000086480000)
 Metaspace       used 41063K, capacity 41498K, committed 41896K, reserved 1085440K
  class space    used 5331K, capacity 5452K, committed 5544K, reserved 1048576K
Event: 7.795 GC heap after
Heap after GC invocations=13 (full 2):
 PSYoungGen      total 263680K, used 12169K [0x00000000d5980000, 0x00000000ec380000, 0x0000000100000000)
  eden space 247808K, 0% used [0x00000000d5980000,0x00000000d5980000,0x00000000e4b80000)
  from space 15872K, 76% used [0x00000000e4b80000,0x00000000e5762670,0x00000000e5b00000)
  to   space 16384K, 0% used [0x00000000eb380000,0x00000000eb380000,0x00000000ec380000)
 ParOldGen       total 90624K, used 24063K [0x0000000080c00000, 0x0000000086480000, 0x00000000d5980000)
  object space 90624K, 26% used [0x0000000080c00000,0x000000008237fcb8,0x0000000086480000)
 Metaspace       used 41063K, capacity 41498K, committed 41896K, reserved 1085440K
  class space    used 5331K, capacity 5452K, committed 5544K, reserved 1048576K
}

