# JRE version: Java(TM) SE Runtime Environment (8.0_211-b12) (build 1.8.0_211-b12)
# Java VM: Java HotSpot(TM) 64-Bit Server VM (25.211-b12 mixed mode windows-amd64 compressed oops)
Heap:
 PSYoungGen      total 52224K, used 38716K [0x00000000d5980000, 0x00000000d9480000, 0x0000000100000000)
  eden space 44032K, 85% used [0x00000000d5980000,0x00000000d7e2f330,0x00000000d8480000)
  from space 8192K, 14% used [0x00000000d8480000,0x00000000d85a0000,0x00000000d8c80000)
  to   space 6656K, 0% used [0x00000000d8e00000,0x00000000d8e00000,0x00000000d9480000)
 ParOldGen       total 54784K, used 10502K [0x0000000080c00000, 0x0000000084180000, 0x00000000d5980000)
  object space 54784K, 19% used [0x0000000080c00000,0x0000000081641868,0x0000000084180000)
 Metaspace       used 25305K, capacity 25616K, committed 25856K, reserved 1071104K
  class space    used 3177K, capacity 3257K, committed 3328K, reserved 1048576K
GC Heap History (10 events):
Event: 2.937 GC heap before
{Heap before GC invocations=12 (full 1):
 PSYoungGen      total 50688K, used 46408K [0x00000000d5980000, 0x00000000d9480000, 0x0000000100000000)
  eden space 44032K, 100% used [0x00000000d5980000,0x00000000d8480000,0x00000000d8480000)
  from space 6656K, 35% used [0x00000000d8e00000,0x00000000d9052310,0x00000000d9480000)
  to   space 8192K, 0% used [0x00000000d8480000,0x00000000d8480000,0x00000000d8c80000)
 ParOldGen       total 54784K, used 7328K [0x0000000080c00000, 0x0000000084180000, 0x00000000d5980000)
  object space 54784K, 13% used [0x0000000080c00000,0x0000000081328100,0x0000000084180000)
 Metaspace       used 23940K, capacity 24238K, committed 24704K, reserved 1071104K
  class space    used 3019K, capacity 3085K, committed 3200K, reserved 1048576K
Event: 2.941 GC heap after
Heap after GC invocations=12 (full 1):
 PSYoungGen      total 52224K, used 2036K [0x00000000d5980000, 0x00000000d9480000, 0x0000000100000000)
  eden space 44032K, 0% used [0x00000000d5980000,0x00000000d5980000,0x00000000d8480000)
  from space 8192K, 24% used [0x00000000d8480000,0x00000000d867d0f0,0x00000000d8c80000)
  to   space 6656K, 0% used [0x00000000d8e00000,0x00000000d8e00000,0x00000000d9480000)
 ParOldGen       total 54784K, used 8596K [0x0000000080c00000, 0x0000000084180000, 0x00000000d5980000)
  object space 54784K, 15% used [0x0000000080c00000,0x0000000081465110,0x0000000084180000)
 Metaspace       used 23940K, capacity 24238K, committed 24704K, reserved 1071104K
  class space    used 3019K, capacity 3085K, committed 3200K, reserved 1048576K
}
Event: 3.054 GC heap before
{Heap before GC invocations=13 (full 1):
 PSYoungGen      total 52224K, used 46068K [0x00000000d5980000, 0x00000000d9480000, 0x0000000100000000)
  eden space 44032K, 100% used [0x00000000d5980000,0x00000000d8480000,0x00000000d8480000)
  from space 8192K, 24% used [0x00000000d8480000,0x00000000d867d0f0,0x00000000d8c80000)
  to   space 6656K, 0% used [0x00000000d8e00000,0x00000000d8e00000,0x00000000d9480000)
 ParOldGen       total 54784K, used 8596K [0x0000000080c00000, 0x0000000084180000, 0x00000000d5980000)
  object space 54784K, 15% used [0x0000000080c00000,0x0000000081465110,0x0000000084180000)
 Metaspace       used 24344K, capacity 24704K, committed 24960K, reserved 1071104K
  class space    used 3066K, capacity 3153K, committed 3200K, reserved 1048576K
Event: 3.056 GC heap after
Heap after GC invocations=13 (full 1):
 PSYoungGen      total 50688K, used 1218K [0x00000000d5980000, 0x00000000d9480000, 0x0000000100000000)
  eden space 44032K, 0% used [0x00000000d5980000,0x00000000d5980000,0x00000000d8480000)
  from space 6656K, 18% used [0x00000000d8e00000,0x00000000d8f309f8,0x00000000d9480000)
  to   space 8192K, 0% used [0x00000000d8480000,0x00000000d8480000,0x00000000d8c80000)
 ParOldGen       total 54784K, used 9612K [0x0000000080c00000, 0x0000000084180000, 0x00000000d5980000)
  object space 54784K, 17% used [0x0000000080c00000,0x0000000081563130,0x0000000084180000)
 Metaspace       used 24344K, capacity 24704K, committed 24960K, reserved 1071104K
  class space    used 3066K, capacity 3153K, committed 3200K, reserved 1048576K
}
Event: 3.161 GC heap before
{Heap before GC invocations=14 (full 1):
 PSYoungGen      total 50688K, used 45250K [0x00000000d5980000, 0x00000000d9480000, 0x0000000100000000)
  eden space 44032K, 100% used [0x00000000d5980000,0x00000000d8480000,0x00000000d8480000)
  from space 6656K, 18% used [0x00000000d8e00000,0x00000000d8f309f8,0x00000000d9480000)
  to   space 8192K, 0% used [0x00000000d8480000,0x00000000d8480000,0x00000000d8c80000)
 ParOldGen       total 54784K, used 9612K [0x0000000080c00000, 0x0000000084180000, 0x00000000d5980000)
  object space 54784K, 17% used [0x0000000080c00000,0x0000000081563130,0x0000000084180000)
 Metaspace       used 24617K, capacity 24952K, committed 25216K, reserved 1071104K
  class space    used 3100K, capacity 3189K, committed 3200K, reserved 1048576K
Event: 3.162 GC heap after
Heap after GC invocations=14 (full 1):
 PSYoungGen      total 52224K, used 949K [0x00000000d5980000, 0x00000000d9480000, 0x0000000100000000)
  eden space 44032K, 0% used [0x00000000d5980000,0x00000000d5980000,0x00000000d8480000)
  from space 8192K, 11% used [0x00000000d8480000,0x00000000d856d5b0,0x00000000d8c80000)
  to   space 6656K, 0% used [0x00000000d8e00000,0x00000000d8e00000,0x00000000d9480000)
 ParOldGen       total 54784K, used 10068K [0x0000000080c00000, 0x0000000084180000, 0x00000000d5980000)
  object space 54784K, 18% used [0x0000000080c00000,0x00000000815d5130,0x0000000084180000)
 Metaspace       used 24617K, capacity 24952K, committed 25216K, reserved 1071104K
  class space    used 3100K, capacity 3189K, committed 3200K, reserved 1048576K
}
Event: 3.256 GC heap before
{Heap before GC invocations=15 (full 1):
 PSYoungGen      total 52224K, used 44981K [0x00000000d5980000, 0x00000000d9480000, 0x0000000100000000)
  eden space 44032K, 100% used [0x00000000d5980000,0x00000000d8480000,0x00000000d8480000)
  from space 8192K, 11% used [0x00000000d8480000,0x00000000d856d5b0,0x00000000d8c80000)
  to   space 6656K, 0% used [0x00000000d8e00000,0x00000000d8e00000,0x00000000d9480000)
 ParOldGen       total 54784K, used 10068K [0x0000000080c00000, 0x0000000084180000, 0x00000000d5980000)
  object space 54784K, 18% used [0x0000000080c00000,0x00000000815d5130,0x0000000084180000)
 Metaspace       used 24748K, capacity 25034K, committed 25216K, reserved 1071104K
  class space    used 3115K, capacity 3192K, committed 3200K, reserved 1048576K
Event: 3.257 GC heap after
Heap after GC invocations=15 (full 1):
 PSYoungGen      total 50688K, used 785K [0x00000000d5980000, 0x00000000d9480000, 0x0000000100000000)
  eden space 44032K, 0% used [0x00000000d5980000,0x00000000d5980000,0x00000000d8480000)
  from space 6656K, 11% used [0x00000000d8e00000,0x00000000d8ec4770,0x00000000d9480000)
  to   space 8192K, 0% used [0x00000000d8480000,0x00000000d8480000,0x00000000d8c80000)
 ParOldGen       total 54784K, used 10502K [0x0000000080c00000, 0x0000000084180000, 0x00000000d5980000)
  object space 54784K, 19% used [0x0000000080c00000,0x0000000081641868,0x0000000084180000)
 Metaspace       used 24748K, capacity 25034K, committed 25216K, reserved 1071104K
  class space    used 3115K, capacity 3192K, committed 3200K, reserved 1048576K
}
Event: 3.346 GC heap before
{Heap before GC invocations=16 (full 1):
 PSYoungGen      total 50688K, used 44817K [0x00000000d5980000, 0x00000000d9480000, 0x0000000100000000)
  eden space 44032K, 100% used [0x00000000d5980000,0x00000000d8480000,0x00000000d8480000)
  from space 6656K, 11% used [0x00000000d8e00000,0x00000000d8ec4770,0x00000000d9480000)
  to   space 8192K, 0% used [0x00000000d8480000,0x00000000d8480000,0x00000000d8c80000)
 ParOldGen       total 54784K, used 10502K [0x0000000080c00000, 0x0000000084180000, 0x00000000d5980000)
  object space 54784K, 19% used [0x0000000080c00000,0x0000000081641868,0x0000000084180000)
 Metaspace       used 24815K, capacity 25098K, committed 25216K, reserved 1071104K
  class space    used 3128K, capacity 3192K, committed 3200K, reserved 1048576K
Event: 3.347 GC heap after
Heap after GC invocations=16 (full 1):
 PSYoungGen      total 52224K, used 1152K [0x00000000d5980000, 0x00000000d9480000, 0x0000000100000000)
  eden space 44032K, 0% used [0x00000000d5980000,0x00000000d5980000,0x00000000d8480000)
  from space 8192K, 14% used [0x00000000d8480000,0x00000000d85a0000,0x00000000d8c80000)
  to   space 6656K, 0% used [0x00000000d8e00000,0x00000000d8e00000,0x00000000d9480000)
 ParOldGen       total 54784K, used 10502K [0x0000000080c00000, 0x0000000084180000, 0x00000000d5980000)
  object space 54784K, 19% used [0x0000000080c00000,0x0000000081641868,0x0000000084180000)
 Metaspace       used 24815K, capacity 25098K, committed 25216K, reserved 1071104K
  class space    used 3128K, capacity 3192K, committed 3200K, reserved 1048576K
}

